<?xml version="1.0" encoding="UTF-8"?>
<!-- Generated by org.testng.reporters.JUnitXMLReporter -->
<testsuite hostname="DESKTOP-48C1KTV" ignored="0" name="Default test" tests="3" failures="0" timestamp="12 Jul 2020 07:08:25 GMT" time="0.795" errors="0">
  <testcase name="@BeforeClass setup" time="0.0" classname="com.automation.testcase.BaseClass">
    <failure type="org.testng.TestNGException" message="
Parameter &amp;apos;browsers&amp;apos; is required by BeforeClass on method setup but has not been marked @Optional or defined
in C:\Users\SAQUIB\AppData\Local\Temp\testng-eclipse-1842850288\testng-customsuite.xml">
      <![CDATA[org.testng.TestNGException: 
Parameter 'browsers' is required by BeforeClass on method setup but has not been marked @Optional or defined
in C:\Users\SAQUIB\AppData\Local\Temp\testng-eclipse-1842850288\testng-customsuite.xml
at org.testng.internal.Parameters.createParams(Parameters.java:290)
at org.testng.internal.Parameters.createParametersForMethod(Parameters.java:359)
at org.testng.internal.Parameters.createParameters(Parameters.java:620)
at org.testng.internal.Parameters.createConfigurationParameters(Parameters.java:190)
at org.testng.internal.Invoker.invokeConfigurations(Invoker.java:209)
at org.testng.internal.Invoker.invokeConfigurations(Invoker.java:142)
at org.testng.internal.TestMethodWorker.invokeBeforeClassMethods(TestMethodWorker.java:168)
at org.testng.internal.TestMethodWorker.run(TestMethodWorker.java:105)
at org.testng.TestRunner.privateRun(TestRunner.java:648)
at org.testng.TestRunner.run(TestRunner.java:505)
at org.testng.SuiteRunner.runTest(SuiteRunner.java:455)
at org.testng.SuiteRunner.runSequentially(SuiteRunner.java:450)
at org.testng.SuiteRunner.privateRun(SuiteRunner.java:415)
at org.testng.SuiteRunner.run(SuiteRunner.java:364)
at org.testng.SuiteRunnerWorker.runSuite(SuiteRunnerWorker.java:52)
at org.testng.SuiteRunnerWorker.run(SuiteRunnerWorker.java:84)
at org.testng.TestNG.runSuitesSequentially(TestNG.java:1208)
at org.testng.TestNG.runSuitesLocally(TestNG.java:1137)
at org.testng.TestNG.runSuites(TestNG.java:1049)
at org.testng.TestNG.run(TestNG.java:1017)
at org.testng.remote.AbstractRemoteTestNG.run(AbstractRemoteTestNG.java:115)
at org.testng.remote.RemoteTestNG.initAndRun(RemoteTestNG.java:251)
at org.testng.remote.RemoteTestNG.main(RemoteTestNG.java:77)
]]>
    </failure>
  </testcase> <!-- @BeforeClass setup -->
  <testcase name="@AfterClass tearDown" time="0.0" classname="com.automation.testcase.BaseClass">
    <skipped/>
  </testcase> <!-- @AfterClass tearDown -->
  <testcase name="loginTDD" time="0.0" classname="com.automation.testcase.TC_LoginDDT_002">
    <skipped/>
  </testcase> <!-- loginTDD -->
  <testcase name="loginTDD" time="0.0" classname="com.automation.testcase.TC_LoginDDT_002">
    <skipped/>
  </testcase> <!-- loginTDD -->
  <testcase name="loginTDD" time="0.0" classname="com.automation.testcase.TC_LoginDDT_002">
    <skipped/>
  </testcase> <!-- loginTDD -->
</testsuite> <!-- Default test -->
